Base path: D:/UnityHubBeta/2018.3.14f1/Editor/Data
Cmd: initializeCompiler
<<<<<<< HEAD
=======
Cmd: disassembleShader
  api=4 insize=486 outsize=1233 ok=1
Cmd: initializeCompiler
Cmd: initializeCompiler
Cmd: initializeCompiler
Cmd: initializeCompiler
Cmd: initializeCompiler
Cmd: initializeCompiler
Cmd: initializeCompiler
Cmd: initializeCompiler
Cmd: initializeCompiler
Cmd: initializeCompiler
Cmd: initializeCompiler
Cmd: initializeCompiler
Cmd: initializeCompiler
>>>>>>> parent of 347ee35c... 7.0

Quitting shader compiler process
